<?xml version="1.0" encoding="UTF-8"?>
<!-- Generated by org.testng.reporters.JUnitReportReporter -->
<testsuite skipped="0" hostname="Nazmul_Lenovo" name="test.LoginTest" tests="1" failures="0" timestamp="2022-01-18T22:31:53 CST" time="6.276" errors="0">
  <testcase name="validUsersShouldbeAbleTologin" time="6.276" classname="test.LoginTest"/>
  <system-out/>
</testsuite> <!-- test.LoginTest -->
