<?xml version="1.0" encoding="UTF-8"?>
<!-- Generated by org.testng.reporters.JUnitReportReporter -->
<testsuite skipped="0" hostname="Nazmul_Lenovo" name="test.AddCustomerTest" tests="1" failures="0" timestamp="2022-01-18T22:32:48 CST" time="6.982" errors="0">
  <testcase name="validUserShouldBeAbleToCreateCustomer" time="6.982" classname="test.AddCustomerTest"/>
  <system-out/>
</testsuite> <!-- test.AddCustomerTest -->
